../src/ursaNative.cc: In function ‘char* copyBufferToUtf8String(v8::Local<v8::String>)’:
../src/ursaNative.cc:543:32: error: no matching function for call to ‘v8::String::Utf8Length()’
   int length = str->Utf8Length();
                                ^
In file included from /home/aaron/.cache/node-gyp/12.16.1/include/node/node.h:63:0,
                 from ../src/ursaNative.h:9,
                 from ../src/ursaNative.cc:3:
/home/aaron/.cache/node-gyp/12.16.1/include/node/v8.h:2818:7: note: candidate: int v8::String::Utf8Length(v8::Isolate*) const
   int Utf8Length(Isolate* isolate) const;
       ^~~~~~~~~~
/home/aaron/.cache/node-gyp/12.16.1/include/node/v8.h:2818:7: note:   candidate expects 1 argument, 0 provided
../src/ursaNative.cc:553:36: error: no matching function for call to ‘v8::String::WriteUtf8(char*&, int)’
   str->WriteUtf8(result, length + 1);
                                    ^
In file included from /home/aaron/.cache/node-gyp/12.16.1/include/node/node.h:63:0,
                 from ../src/ursaNative.h:9,
                 from ../src/ursaNative.cc:3:
/home/aaron/.cache/node-gyp/12.16.1/include/node/v8.h:2878:7: note: candidate: int v8::String::WriteUtf8(v8::Isolate*, char*, int, int*, int) const
   int WriteUtf8(Isolate* isolate, char* buffer, int length = -1,
       ^~~~~~~~~
/home/aaron/.cache/node-gyp/12.16.1/include/node/v8.h:2878:7: note:   no known conversion for argument 1 from ‘char*’ to ‘v8::Isolate*’
../src/ursaNative.cc: In static member function ‘static void RsaWrap::InitClass(v8::Local<v8::Object>)’:
../src/ursaNative.cc:690:68: error: no matching function for call to ‘v8::FunctionTemplate::GetFunction()’
   target->Set(NanNew("RsaWrap").ToLocalChecked(), tpl->GetFunction());
                                                                    ^
In file included from /home/aaron/.cache/node-gyp/12.16.1/include/node/node.h:63:0,
                 from ../src/ursaNative.h:9,
                 from ../src/ursaNative.cc:3:
/home/aaron/.cache/node-gyp/12.16.1/include/node/v8.h:6126:46: note: candidate: v8::MaybeLocal<v8::Function> v8::FunctionTemplate::GetFunction(v8::Local<v8::Context>)
   V8_WARN_UNUSED_RESULT MaybeLocal<Function> GetFunction(
                                              ^~~~~~~~~~~
/home/aaron/.cache/node-gyp/12.16.1/include/node/v8.h:6126:46: note:   candidate expects 1 argument, 0 provided
../src/ursaNative.cc:691:38: error: no matching function for call to ‘v8::FunctionTemplate::GetFunction()’
   constructor.Reset(tpl->GetFunction());
                                      ^
In file included from /home/aaron/.cache/node-gyp/12.16.1/include/node/node.h:63:0,
                 from ../src/ursaNative.h:9,
                 from ../src/ursaNative.cc:3:
/home/aaron/.cache/node-gyp/12.16.1/include/node/v8.h:6126:46: note: candidate: v8::MaybeLocal<v8::Function> v8::FunctionTemplate::GetFunction(v8::Local<v8::Context>)
   V8_WARN_UNUSED_RESULT MaybeLocal<Function> GetFunction(
                                              ^~~~~~~~~~~
/home/aaron/.cache/node-gyp/12.16.1/include/node/v8.h:6126:46: note:   candidate expects 1 argument, 0 provided
../src/ursaNative.cc:693:104: error: no matching function for call to ‘v8::FunctionTemplate::GetFunction()’
   target->Set(NanNew("textToNid").ToLocalChecked(), Nan::New<FunctionTemplate>(TextToNid)->GetFunction());
                                                                                                        ^
In file included from /home/aaron/.cache/node-gyp/12.16.1/include/node/node.h:63:0,
                 from ../src/ursaNative.h:9,
                 from ../src/ursaNative.cc:3:
/home/aaron/.cache/node-gyp/12.16.1/include/node/v8.h:6126:46: note: candidate: v8::MaybeLocal<v8::Function> v8::FunctionTemplate::GetFunction(v8::Local<v8::Context>)
   V8_WARN_UNUSED_RESULT MaybeLocal<Function> GetFunction(
                                              ^~~~~~~~~~~
/home/aaron/.cache/node-gyp/12.16.1/include/node/v8.h:6126:46: note:   candidate expects 1 argument, 0 provided
../src/ursaNative.cc: In static member function ‘static Nan::NAN_METHOD_RETURN_TYPE RsaWrap::GeneratePrivateKey(Nan::NAN_METHOD_ARGS_TYPE)’:
../src/ursaNative.cc:866:42: error: no matching function for call to ‘v8::Value::Uint32Value()’
   int modulusBits = args[0]->Uint32Value();
                                          ^
In file included from /home/aaron/.cache/node-gyp/12.16.1/include/node/node.h:63:0,
                 from ../src/ursaNative.h:9,
                 from ../src/ursaNative.cc:3:
/home/aaron/.cache/node-gyp/12.16.1/include/node/v8.h:2707:41: note: candidate: v8::Maybe<unsigned int> v8::Value::Uint32Value(v8::Local<v8::Context>) const
   V8_WARN_UNUSED_RESULT Maybe<uint32_t> Uint32Value(
                                         ^~~~~~~~~~~
/home/aaron/.cache/node-gyp/12.16.1/include/node/v8.h:2707:41: note:   candidate expects 1 argument, 0 provided
../src/ursaNative.cc:867:39: error: no matching function for call to ‘v8::Value::Uint32Value()’
   int exponent = args[1]->Uint32Value();
                                       ^
In file included from /home/aaron/.cache/node-gyp/12.16.1/include/node/node.h:63:0,
                 from ../src/ursaNative.h:9,
                 from ../src/ursaNative.cc:3:
/home/aaron/.cache/node-gyp/12.16.1/include/node/v8.h:2707:41: note: candidate: v8::Maybe<unsigned int> v8::Value::Uint32Value(v8::Local<v8::Context>) const
   V8_WARN_UNUSED_RESULT Maybe<uint32_t> Uint32Value(
                                         ^~~~~~~~~~~
/home/aaron/.cache/node-gyp/12.16.1/include/node/v8.h:2707:41: note:   candidate expects 1 argument, 0 provided
../src/ursaNative.cc: In static member function ‘static Nan::NAN_METHOD_RETURN_TYPE RsaWrap::PrivateDecrypt(Nan::NAN_METHOD_ARGS_TYPE)’:
../src/ursaNative.cc:1103:38: error: no matching function for call to ‘v8::Value::Uint32Value()’
   int padding = args[1]->Uint32Value();
                                      ^
In file included from /home/aaron/.cache/node-gyp/12.16.1/include/node/node.h:63:0,
                 from ../src/ursaNative.h:9,
                 from ../src/ursaNative.cc:3:
/home/aaron/.cache/node-gyp/12.16.1/include/node/v8.h:2707:41: note: candidate: v8::Maybe<unsigned int> v8::Value::Uint32Value(v8::Local<v8::Context>) const
   V8_WARN_UNUSED_RESULT Maybe<uint32_t> Uint32Value(
                                         ^~~~~~~~~~~
/home/aaron/.cache/node-gyp/12.16.1/include/node/v8.h:2707:41: note:   candidate expects 1 argument, 0 provided
../src/ursaNative.cc: In static member function ‘static Nan::NAN_METHOD_RETURN_TYPE RsaWrap::PrivateEncrypt(Nan::NAN_METHOD_ARGS_TYPE)’:
../src/ursaNative.cc:1161:38: error: no matching function for call to ‘v8::Value::Uint32Value()’
   int padding = args[1]->Uint32Value();
                                      ^
In file included from /home/aaron/.cache/node-gyp/12.16.1/include/node/node.h:63:0,
                 from ../src/ursaNative.h:9,
                 from ../src/ursaNative.cc:3:
/home/aaron/.cache/node-gyp/12.16.1/include/node/v8.h:2707:41: note: candidate: v8::Maybe<unsigned int> v8::Value::Uint32Value(v8::Local<v8::Context>) const
   V8_WARN_UNUSED_RESULT Maybe<uint32_t> Uint32Value(
                                         ^~~~~~~~~~~
/home/aaron/.cache/node-gyp/12.16.1/include/node/v8.h:2707:41: note:   candidate expects 1 argument, 0 provided
../src/ursaNative.cc: In static member function ‘static Nan::NAN_METHOD_RETURN_TYPE RsaWrap::PublicDecrypt(Nan::NAN_METHOD_ARGS_TYPE)’:
../src/ursaNative.cc:1218:38: error: no matching function for call to ‘v8::Value::Uint32Value()’
   int padding = args[1]->Uint32Value();
                                      ^
In file included from /home/aaron/.cache/node-gyp/12.16.1/include/node/node.h:63:0,
                 from ../src/ursaNative.h:9,
                 from ../src/ursaNative.cc:3:
/home/aaron/.cache/node-gyp/12.16.1/include/node/v8.h:2707:41: note: candidate: v8::Maybe<unsigned int> v8::Value::Uint32Value(v8::Local<v8::Context>) const
   V8_WARN_UNUSED_RESULT Maybe<uint32_t> Uint32Value(
                                         ^~~~~~~~~~~
/home/aaron/.cache/node-gyp/12.16.1/include/node/v8.h:2707:41: note:   candidate expects 1 argument, 0 provided
../src/ursaNative.cc: In static member function ‘static Nan::NAN_METHOD_RETURN_TYPE RsaWrap::PublicEncrypt(Nan::NAN_METHOD_ARGS_TYPE)’:
../src/ursaNative.cc:1272:38: error: no matching function for call to ‘v8::Value::Uint32Value()’
   int padding = args[1]->Uint32Value();
                                      ^
In file included from /home/aaron/.cache/node-gyp/12.16.1/include/node/node.h:63:0,
                 from ../src/ursaNative.h:9,
                 from ../src/ursaNative.cc:3:
/home/aaron/.cache/node-gyp/12.16.1/include/node/v8.h:2707:41: note: candidate: v8::Maybe<unsigned int> v8::Value::Uint32Value(v8::Local<v8::Context>) const
   V8_WARN_UNUSED_RESULT Maybe<uint32_t> Uint32Value(
                                         ^~~~~~~~~~~
/home/aaron/.cache/node-gyp/12.16.1/include/node/v8.h:2707:41: note:   candidate expects 1 argument, 0 provided
../src/ursaNative.cc: In static member function ‘static Nan::NAN_METHOD_RETURN_TYPE RsaWrap::Sign(Nan::NAN_METHOD_ARGS_TYPE)’:
../src/ursaNative.cc:1411:34: error: no matching function for call to ‘v8::Value::Uint32Value()’
   int nid = args[0]->Uint32Value();
                                  ^
In file included from /home/aaron/.cache/node-gyp/12.16.1/include/node/node.h:63:0,
                 from ../src/ursaNative.h:9,
                 from ../src/ursaNative.cc:3:
/home/aaron/.cache/node-gyp/12.16.1/include/node/v8.h:2707:41: note: candidate: v8::Maybe<unsigned int> v8::Value::Uint32Value(v8::Local<v8::Context>) const
   V8_WARN_UNUSED_RESULT Maybe<uint32_t> Uint32Value(
                                         ^~~~~~~~~~~
/home/aaron/.cache/node-gyp/12.16.1/include/node/v8.h:2707:41: note:   candidate expects 1 argument, 0 provided
../src/ursaNative.cc: In static member function ‘static Nan::NAN_METHOD_RETURN_TYPE RsaWrap::Verify(Nan::NAN_METHOD_ARGS_TYPE)’:
../src/ursaNative.cc:1477:34: error: no matching function for call to ‘v8::Value::Uint32Value()’
   int nid = args[0]->Uint32Value();
                                  ^
In file included from /home/aaron/.cache/node-gyp/12.16.1/include/node/node.h:63:0,
                 from ../src/ursaNative.h:9,
                 from ../src/ursaNative.cc:3:
/home/aaron/.cache/node-gyp/12.16.1/include/node/v8.h:2707:41: note: candidate: v8::Maybe<unsigned int> v8::Value::Uint32Value(v8::Local<v8::Context>) const
   V8_WARN_UNUSED_RESULT Maybe<uint32_t> Uint32Value(
                                         ^~~~~~~~~~~
/home/aaron/.cache/node-gyp/12.16.1/include/node/v8.h:2707:41: note:   candidate expects 1 argument, 0 provided
../src/ursaNative.cc: In static member function ‘static Nan::NAN_METHOD_RETURN_TYPE RsaWrap::AddPSSPadding(Nan::NAN_METHOD_ARGS_TYPE)’:
../src/ursaNative.cc:1554:34: error: no matching function for call to ‘v8::Value::Uint32Value()’
   int nid = args[0]->Uint32Value();
                                  ^
In file included from /home/aaron/.cache/node-gyp/12.16.1/include/node/node.h:63:0,
                 from ../src/ursaNative.h:9,
                 from ../src/ursaNative.cc:3:
/home/aaron/.cache/node-gyp/12.16.1/include/node/v8.h:2707:41: note: candidate: v8::Maybe<unsigned int> v8::Value::Uint32Value(v8::Local<v8::Context>) const
   V8_WARN_UNUSED_RESULT Maybe<uint32_t> Uint32Value(
                                         ^~~~~~~~~~~
/home/aaron/.cache/node-gyp/12.16.1/include/node/v8.h:2707:41: note:   candidate expects 1 argument, 0 provided
../src/ursaNative.cc:1584:35: error: no matching function for call to ‘v8::Value::Uint32Value()’
   int sLen = args[2]->Uint32Value();
                                   ^
In file included from /home/aaron/.cache/node-gyp/12.16.1/include/node/node.h:63:0,
                 from ../src/ursaNative.h:9,
                 from ../src/ursaNative.cc:3:
/home/aaron/.cache/node-gyp/12.16.1/include/node/v8.h:2707:41: note: candidate: v8::Maybe<unsigned int> v8::Value::Uint32Value(v8::Local<v8::Context>) const
   V8_WARN_UNUSED_RESULT Maybe<uint32_t> Uint32Value(
                                         ^~~~~~~~~~~
/home/aaron/.cache/node-gyp/12.16.1/include/node/v8.h:2707:41: note:   candidate expects 1 argument, 0 provided
../src/ursaNative.cc: In static member function ‘static Nan::NAN_METHOD_RETURN_TYPE RsaWrap::VerifyPSSPadding(Nan::NAN_METHOD_ARGS_TYPE)’:
../src/ursaNative.cc:1627:34: error: no matching function for call to ‘v8::Value::Uint32Value()’
   int nid = args[0]->Uint32Value();
                                  ^
In file included from /home/aaron/.cache/node-gyp/12.16.1/include/node/node.h:63:0,
                 from ../src/ursaNative.h:9,
                 from ../src/ursaNative.cc:3:
/home/aaron/.cache/node-gyp/12.16.1/include/node/v8.h:2707:41: note: candidate: v8::Maybe<unsigned int> v8::Value::Uint32Value(v8::Local<v8::Context>) const
   V8_WARN_UNUSED_RESULT Maybe<uint32_t> Uint32Value(
                                         ^~~~~~~~~~~
/home/aaron/.cache/node-gyp/12.16.1/include/node/v8.h:2707:41: note:   candidate expects 1 argument, 0 provided
../src/ursaNative.cc:1674:35: error: no matching function for call to ‘v8::Value::Uint32Value()’
   int sLen = args[3]->Uint32Value();
                                   ^
In file included from /home/aaron/.cache/node-gyp/12.16.1/include/node/node.h:63:0,
                 from ../src/ursaNative.h:9,
                 from ../src/ursaNative.cc:3:
/home/aaron/.cache/node-gyp/12.16.1/include/node/v8.h:2707:41: note: candidate: v8::Maybe<unsigned int> v8::Value::Uint32Value(v8::Local<v8::Context>) const
   V8_WARN_UNUSED_RESULT Maybe<uint32_t> Uint32Value(
                                         ^~~~~~~~~~~
/home/aaron/.cache/node-gyp/12.16.1/include/node/v8.h:2707:41: note:   candidate expects 1 argument, 0 provided
make: *** [Release/obj.target/ursaNative/src/ursaNative.o] Error 1
gyp ERR! build error 
gyp ERR! stack Error: `make` failed with exit code: 2
gyp ERR! stack     at ChildProcess.onExit (/home/aaron/.nvm/versions/node/v12.16.1/lib/node_modules/npm/node_modules/node-gyp/lib/build.js:194:23)
gyp ERR! stack     at ChildProcess.emit (events.js:311:20)
gyp ERR! stack     at Process.ChildProcess._handle.onexit (internal/child_process.js:275:12)
gyp ERR! System Linux 5.0.0-32-generic
gyp ERR! command "/home/aaron/.nvm/versions/node/v12.16.1/bin/node" "/home/aaron/.nvm/versions/node/v12.16.1/lib/node_modules/npm/node_modules/node-gyp/bin/node-gyp.js" "rebuild"
gyp ERR! cwd /home/aaron/projects/AraCLONE/node_modules/@aragon/toolkit/node_modules/ipfs-api/node_modules/ursa-optional
gyp ERR! node -v v12.16.1
gyp ERR! node-gyp -v v5.0.5
gyp ERR! not ok 
npm ERR! code ELIFECYCLE
npm ERR! errno 1
npm ERR! ursa-optional@0.9.10 rebuild: `node-gyp rebuild`
npm ERR! Exit status 1
npm ERR! 
npm ERR! Failed at the ursa-optional@0.9.10 rebuild script.
npm ERR! This is probably not a problem with npm. There is likely additional logging output above.
npm WARN Local package.json exists, but node_modules missing, did you mean to install?

npm ERR! A complete log of this run can be found in:
npm ERR!     /home/aaron/.npm/_logs/2020-04-09T09_28_40_433Z-debug.log
